[2024-05-20T22:21:37.054+0000] {local_task_job_runner.py:120} INFO - ::group::Pre task execution logs
[2024-05-20T22:21:37.073+0000] {taskinstance.py:2076} INFO - Dependencies all met for dep_context=non-requeueable deps ti=<TaskInstance: dag_ETL.primera_tarea manual__2024-05-20T22:21:36.533065+00:00 [queued]>
[2024-05-20T22:21:37.079+0000] {taskinstance.py:2076} INFO - Dependencies all met for dep_context=requeueable deps ti=<TaskInstance: dag_ETL.primera_tarea manual__2024-05-20T22:21:36.533065+00:00 [queued]>
[2024-05-20T22:21:37.079+0000] {taskinstance.py:2306} INFO - Starting attempt 1 of 1
[2024-05-20T22:21:37.089+0000] {taskinstance.py:2330} INFO - Executing <Task(BashOperator): primera_tarea> on 2024-05-20 22:21:36.533065+00:00
[2024-05-20T22:21:37.094+0000] {warnings.py:110} WARNING - /home/***/.local/lib/python3.12/site-packages/***/task/task_runner/standard_task_runner.py:61: DeprecationWarning: This process (pid=91) is multi-threaded, use of fork() may lead to deadlocks in the child.
  pid = os.fork()

[2024-05-20T22:21:37.095+0000] {standard_task_runner.py:63} INFO - Started process 92 to run task
[2024-05-20T22:21:37.095+0000] {standard_task_runner.py:90} INFO - Running: ['***', 'tasks', 'run', 'dag_ETL', 'primera_tarea', 'manual__2024-05-20T22:21:36.533065+00:00', '--job-id', '68', '--raw', '--subdir', 'DAGS_FOLDER/dag.py', '--cfg-path', '/tmp/tmpomi81hk6']
[2024-05-20T22:21:37.096+0000] {standard_task_runner.py:91} INFO - Job 68: Subtask primera_tarea
[2024-05-20T22:21:37.129+0000] {task_command.py:426} INFO - Running <TaskInstance: dag_ETL.primera_tarea manual__2024-05-20T22:21:36.533065+00:00 [running]> on host bef3db75e79e
[2024-05-20T22:21:37.196+0000] {taskinstance.py:2648} INFO - Exporting env vars: AIRFLOW_CTX_DAG_OWNER='***' AIRFLOW_CTX_DAG_ID='dag_ETL' AIRFLOW_CTX_TASK_ID='primera_tarea' AIRFLOW_CTX_EXECUTION_DATE='2024-05-20T22:21:36.533065+00:00' AIRFLOW_CTX_TRY_NUMBER='1' AIRFLOW_CTX_DAG_RUN_ID='manual__2024-05-20T22:21:36.533065+00:00'
[2024-05-20T22:21:37.197+0000] {taskinstance.py:430} INFO - ::endgroup::
[2024-05-20T22:21:37.208+0000] {subprocess.py:63} INFO - Tmp dir root location: /tmp
[2024-05-20T22:21:37.208+0000] {subprocess.py:75} INFO - Running command: ['/usr/bin/bash', '-c', 'echo Iniciando...']
[2024-05-20T22:21:37.215+0000] {subprocess.py:86} INFO - Output:
[2024-05-20T22:21:37.216+0000] {subprocess.py:93} INFO - Iniciando...
[2024-05-20T22:21:37.217+0000] {subprocess.py:97} INFO - Command exited with return code 0
[2024-05-20T22:21:37.217+0000] {taskinstance.py:441} INFO - ::group::Post task execution logs
[2024-05-20T22:21:37.234+0000] {taskinstance.py:1206} INFO - Marking task as SUCCESS. dag_id=dag_ETL, task_id=primera_tarea, run_id=manual__2024-05-20T22:21:36.533065+00:00, execution_date=20240520T222136, start_date=20240520T222137, end_date=20240520T222137
[2024-05-20T22:21:37.268+0000] {local_task_job_runner.py:240} INFO - Task exited with return code 0
[2024-05-20T22:21:37.291+0000] {taskinstance.py:3498} INFO - 1 downstream tasks scheduled from follow-on schedule check
[2024-05-20T22:21:37.292+0000] {local_task_job_runner.py:222} INFO - ::endgroup::
