[2024-05-20T05:33:27.247+0000] {local_task_job_runner.py:120} INFO - ::group::Pre task execution logs
[2024-05-20T05:33:27.264+0000] {taskinstance.py:2076} INFO - Dependencies all met for dep_context=non-requeueable deps ti=<TaskInstance: dag_ETL.primera_tarea manual__2024-05-20T05:33:25.897424+00:00 [queued]>
[2024-05-20T05:33:27.270+0000] {taskinstance.py:2076} INFO - Dependencies all met for dep_context=requeueable deps ti=<TaskInstance: dag_ETL.primera_tarea manual__2024-05-20T05:33:25.897424+00:00 [queued]>
[2024-05-20T05:33:27.270+0000] {taskinstance.py:2306} INFO - Starting attempt 1 of 1
[2024-05-20T05:33:27.280+0000] {taskinstance.py:2330} INFO - Executing <Task(BashOperator): primera_tarea> on 2024-05-20 05:33:25.897424+00:00
[2024-05-20T05:33:27.284+0000] {standard_task_runner.py:63} INFO - Started process 67 to run task
[2024-05-20T05:33:27.287+0000] {standard_task_runner.py:90} INFO - Running: ['***', 'tasks', 'run', 'dag_ETL', 'primera_tarea', 'manual__2024-05-20T05:33:25.897424+00:00', '--job-id', '46', '--raw', '--subdir', 'DAGS_FOLDER/dag.py', '--cfg-path', '/tmp/tmppf9l2p1s']
[2024-05-20T05:33:27.288+0000] {standard_task_runner.py:91} INFO - Job 46: Subtask primera_tarea
[2024-05-20T05:33:27.320+0000] {task_command.py:426} INFO - Running <TaskInstance: dag_ETL.primera_tarea manual__2024-05-20T05:33:25.897424+00:00 [running]> on host 8251e45c28eb
[2024-05-20T05:33:27.382+0000] {taskinstance.py:2648} INFO - Exporting env vars: AIRFLOW_CTX_DAG_OWNER='***' AIRFLOW_CTX_DAG_ID='dag_ETL' AIRFLOW_CTX_TASK_ID='primera_tarea' AIRFLOW_CTX_EXECUTION_DATE='2024-05-20T05:33:25.897424+00:00' AIRFLOW_CTX_TRY_NUMBER='1' AIRFLOW_CTX_DAG_RUN_ID='manual__2024-05-20T05:33:25.897424+00:00'
[2024-05-20T05:33:27.382+0000] {taskinstance.py:430} INFO - ::endgroup::
[2024-05-20T05:33:27.391+0000] {subprocess.py:63} INFO - Tmp dir root location: /tmp
[2024-05-20T05:33:27.391+0000] {subprocess.py:75} INFO - Running command: ['/usr/bin/bash', '-c', 'echo Iniciando...']
[2024-05-20T05:33:27.399+0000] {subprocess.py:86} INFO - Output:
[2024-05-20T05:33:27.400+0000] {subprocess.py:93} INFO - Iniciando...
[2024-05-20T05:33:27.401+0000] {subprocess.py:97} INFO - Command exited with return code 0
[2024-05-20T05:33:27.401+0000] {taskinstance.py:441} INFO - ::group::Post task execution logs
[2024-05-20T05:33:27.417+0000] {taskinstance.py:1206} INFO - Marking task as SUCCESS. dag_id=dag_ETL, task_id=primera_tarea, run_id=manual__2024-05-20T05:33:25.897424+00:00, execution_date=20240520T053325, start_date=20240520T053327, end_date=20240520T053327
[2024-05-20T05:33:27.459+0000] {local_task_job_runner.py:240} INFO - Task exited with return code 0
[2024-05-20T05:33:27.477+0000] {taskinstance.py:3498} INFO - 1 downstream tasks scheduled from follow-on schedule check
[2024-05-20T05:33:27.478+0000] {local_task_job_runner.py:222} INFO - ::endgroup::
