[2024-05-20T04:11:58.638+0000] {local_task_job_runner.py:120} INFO - ::group::Pre task execution logs
[2024-05-20T04:11:58.655+0000] {taskinstance.py:2076} INFO - Dependencies all met for dep_context=non-requeueable deps ti=<TaskInstance: dag_ETL.primera_tarea manual__2024-05-20T04:11:56.747916+00:00 [queued]>
[2024-05-20T04:11:58.660+0000] {taskinstance.py:2076} INFO - Dependencies all met for dep_context=requeueable deps ti=<TaskInstance: dag_ETL.primera_tarea manual__2024-05-20T04:11:56.747916+00:00 [queued]>
[2024-05-20T04:11:58.661+0000] {taskinstance.py:2306} INFO - Starting attempt 1 of 1
[2024-05-20T04:11:58.671+0000] {taskinstance.py:2330} INFO - Executing <Task(BashOperator): primera_tarea> on 2024-05-20 04:11:56.747916+00:00
[2024-05-20T04:11:58.676+0000] {standard_task_runner.py:63} INFO - Started process 82 to run task
[2024-05-20T04:11:58.678+0000] {standard_task_runner.py:90} INFO - Running: ['***', 'tasks', 'run', 'dag_ETL', 'primera_tarea', 'manual__2024-05-20T04:11:56.747916+00:00', '--job-id', '15', '--raw', '--subdir', 'DAGS_FOLDER/dag.py', '--cfg-path', '/tmp/tmp45__x36w']
[2024-05-20T04:11:58.680+0000] {standard_task_runner.py:91} INFO - Job 15: Subtask primera_tarea
[2024-05-20T04:11:58.711+0000] {task_command.py:426} INFO - Running <TaskInstance: dag_ETL.primera_tarea manual__2024-05-20T04:11:56.747916+00:00 [running]> on host a5a7be3e911e
[2024-05-20T04:11:58.771+0000] {taskinstance.py:2648} INFO - Exporting env vars: AIRFLOW_CTX_DAG_OWNER='***' AIRFLOW_CTX_DAG_ID='dag_ETL' AIRFLOW_CTX_TASK_ID='primera_tarea' AIRFLOW_CTX_EXECUTION_DATE='2024-05-20T04:11:56.747916+00:00' AIRFLOW_CTX_TRY_NUMBER='1' AIRFLOW_CTX_DAG_RUN_ID='manual__2024-05-20T04:11:56.747916+00:00'
[2024-05-20T04:11:58.773+0000] {taskinstance.py:430} INFO - ::endgroup::
[2024-05-20T04:11:58.774+0000] {subprocess.py:63} INFO - Tmp dir root location: /tmp
[2024-05-20T04:11:58.774+0000] {subprocess.py:75} INFO - Running command: ['/usr/bin/bash', '-c', 'echo Iniciando...']
[2024-05-20T04:11:58.784+0000] {subprocess.py:86} INFO - Output:
[2024-05-20T04:11:58.786+0000] {subprocess.py:93} INFO - Iniciando...
[2024-05-20T04:11:58.786+0000] {subprocess.py:97} INFO - Command exited with return code 0
[2024-05-20T04:11:58.786+0000] {taskinstance.py:441} INFO - ::group::Post task execution logs
[2024-05-20T04:11:58.806+0000] {taskinstance.py:1206} INFO - Marking task as SUCCESS. dag_id=dag_ETL, task_id=primera_tarea, run_id=manual__2024-05-20T04:11:56.747916+00:00, execution_date=20240520T041156, start_date=20240520T041158, end_date=20240520T041158
[2024-05-20T04:11:58.850+0000] {local_task_job_runner.py:240} INFO - Task exited with return code 0
[2024-05-20T04:11:58.870+0000] {taskinstance.py:3498} INFO - 0 downstream tasks scheduled from follow-on schedule check
[2024-05-20T04:11:58.872+0000] {local_task_job_runner.py:222} INFO - ::endgroup::
