[2024-05-20T03:13:17.442+0000] {local_task_job_runner.py:120} INFO - ::group::Pre task execution logs
[2024-05-20T03:13:17.457+0000] {taskinstance.py:2076} INFO - Dependencies all met for dep_context=non-requeueable deps ti=<TaskInstance: dag_ETL.primera_tarea scheduled__2024-05-20T02:00:00+00:00 [queued]>
[2024-05-20T03:13:17.462+0000] {taskinstance.py:2076} INFO - Dependencies all met for dep_context=requeueable deps ti=<TaskInstance: dag_ETL.primera_tarea scheduled__2024-05-20T02:00:00+00:00 [queued]>
[2024-05-20T03:13:17.462+0000] {taskinstance.py:2306} INFO - Starting attempt 1 of 1
[2024-05-20T03:13:17.471+0000] {taskinstance.py:2330} INFO - Executing <Task(BashOperator): primera_tarea> on 2024-05-20 02:00:00+00:00
[2024-05-20T03:13:17.476+0000] {warnings.py:110} WARNING - /home/***/.local/lib/python3.12/site-packages/***/task/task_runner/standard_task_runner.py:61: DeprecationWarning: This process (pid=59) is multi-threaded, use of fork() may lead to deadlocks in the child.
  pid = os.fork()

[2024-05-20T03:13:17.477+0000] {standard_task_runner.py:63} INFO - Started process 61 to run task
[2024-05-20T03:13:17.477+0000] {standard_task_runner.py:90} INFO - Running: ['***', 'tasks', 'run', 'dag_ETL', 'primera_tarea', 'scheduled__2024-05-20T02:00:00+00:00', '--job-id', '25', '--raw', '--subdir', 'DAGS_FOLDER/dag.py', '--cfg-path', '/tmp/tmp2gk0t40l']
[2024-05-20T03:13:17.478+0000] {standard_task_runner.py:91} INFO - Job 25: Subtask primera_tarea
[2024-05-20T03:13:17.507+0000] {task_command.py:426} INFO - Running <TaskInstance: dag_ETL.primera_tarea scheduled__2024-05-20T02:00:00+00:00 [running]> on host c86991a6c271
[2024-05-20T03:13:17.563+0000] {taskinstance.py:2648} INFO - Exporting env vars: AIRFLOW_CTX_DAG_OWNER='***' AIRFLOW_CTX_DAG_ID='dag_ETL' AIRFLOW_CTX_TASK_ID='primera_tarea' AIRFLOW_CTX_EXECUTION_DATE='2024-05-20T02:00:00+00:00' AIRFLOW_CTX_TRY_NUMBER='1' AIRFLOW_CTX_DAG_RUN_ID='scheduled__2024-05-20T02:00:00+00:00'
[2024-05-20T03:13:17.564+0000] {taskinstance.py:430} INFO - ::endgroup::
[2024-05-20T03:13:17.565+0000] {subprocess.py:63} INFO - Tmp dir root location: /tmp
[2024-05-20T03:13:17.565+0000] {subprocess.py:75} INFO - Running command: ['/usr/bin/bash', '-c', 'echo Iniciando...']
[2024-05-20T03:13:17.575+0000] {subprocess.py:86} INFO - Output:
[2024-05-20T03:13:17.576+0000] {subprocess.py:93} INFO - Iniciando...
[2024-05-20T03:13:17.576+0000] {subprocess.py:97} INFO - Command exited with return code 0
[2024-05-20T03:13:17.577+0000] {taskinstance.py:441} INFO - ::group::Post task execution logs
[2024-05-20T03:13:17.594+0000] {taskinstance.py:1206} INFO - Marking task as SUCCESS. dag_id=dag_ETL, task_id=primera_tarea, run_id=scheduled__2024-05-20T02:00:00+00:00, execution_date=20240520T020000, start_date=20240520T031317, end_date=20240520T031317
[2024-05-20T03:13:17.609+0000] {local_task_job_runner.py:240} INFO - Task exited with return code 0
[2024-05-20T03:13:17.630+0000] {taskinstance.py:3498} INFO - 1 downstream tasks scheduled from follow-on schedule check
[2024-05-20T03:13:17.631+0000] {local_task_job_runner.py:222} INFO - ::endgroup::
[2024-05-20T03:59:42.197+0000] {local_task_job_runner.py:120} INFO - ::group::Pre task execution logs
[2024-05-20T03:59:42.214+0000] {taskinstance.py:2076} INFO - Dependencies all met for dep_context=non-requeueable deps ti=<TaskInstance: dag_ETL.primera_tarea scheduled__2024-05-20T02:00:00+00:00 [queued]>
[2024-05-20T03:59:42.220+0000] {taskinstance.py:2076} INFO - Dependencies all met for dep_context=requeueable deps ti=<TaskInstance: dag_ETL.primera_tarea scheduled__2024-05-20T02:00:00+00:00 [queued]>
[2024-05-20T03:59:42.221+0000] {taskinstance.py:2306} INFO - Starting attempt 1 of 1
[2024-05-20T03:59:42.230+0000] {taskinstance.py:2330} INFO - Executing <Task(BashOperator): primera_tarea> on 2024-05-20 02:00:00+00:00
[2024-05-20T03:59:42.236+0000] {standard_task_runner.py:63} INFO - Started process 70 to run task
[2024-05-20T03:59:42.239+0000] {standard_task_runner.py:90} INFO - Running: ['***', 'tasks', 'run', 'dag_ETL', 'primera_tarea', 'scheduled__2024-05-20T02:00:00+00:00', '--job-id', '5', '--raw', '--subdir', 'DAGS_FOLDER/dag.py', '--cfg-path', '/tmp/tmp5brln924']
[2024-05-20T03:59:42.241+0000] {standard_task_runner.py:91} INFO - Job 5: Subtask primera_tarea
[2024-05-20T03:59:42.280+0000] {task_command.py:426} INFO - Running <TaskInstance: dag_ETL.primera_tarea scheduled__2024-05-20T02:00:00+00:00 [running]> on host a5a7be3e911e
[2024-05-20T03:59:42.344+0000] {taskinstance.py:2648} INFO - Exporting env vars: AIRFLOW_CTX_DAG_OWNER='***' AIRFLOW_CTX_DAG_ID='dag_ETL' AIRFLOW_CTX_TASK_ID='primera_tarea' AIRFLOW_CTX_EXECUTION_DATE='2024-05-20T02:00:00+00:00' AIRFLOW_CTX_TRY_NUMBER='1' AIRFLOW_CTX_DAG_RUN_ID='scheduled__2024-05-20T02:00:00+00:00'
[2024-05-20T03:59:42.345+0000] {taskinstance.py:430} INFO - ::endgroup::
[2024-05-20T03:59:42.346+0000] {subprocess.py:63} INFO - Tmp dir root location: /tmp
[2024-05-20T03:59:42.347+0000] {subprocess.py:75} INFO - Running command: ['/usr/bin/bash', '-c', 'echo Iniciando...']
[2024-05-20T03:59:42.359+0000] {subprocess.py:86} INFO - Output:
[2024-05-20T03:59:42.360+0000] {subprocess.py:93} INFO - Iniciando...
[2024-05-20T03:59:42.360+0000] {subprocess.py:97} INFO - Command exited with return code 0
[2024-05-20T03:59:42.361+0000] {taskinstance.py:441} INFO - ::group::Post task execution logs
[2024-05-20T03:59:42.379+0000] {taskinstance.py:1206} INFO - Marking task as SUCCESS. dag_id=dag_ETL, task_id=primera_tarea, run_id=scheduled__2024-05-20T02:00:00+00:00, execution_date=20240520T020000, start_date=20240520T035942, end_date=20240520T035942
[2024-05-20T03:59:42.411+0000] {local_task_job_runner.py:240} INFO - Task exited with return code 0
[2024-05-20T03:59:42.435+0000] {taskinstance.py:3498} INFO - 1 downstream tasks scheduled from follow-on schedule check
[2024-05-20T03:59:42.437+0000] {local_task_job_runner.py:222} INFO - ::endgroup::
